<?xml version="1.0" encoding="UTF-8" ?>
<testsuite tests="2" failures="2" name="uax.examen4.Halting_Problem.Controlador.ControladorGenericoTest" time="0.002" errors="0" skipped="0">
  <properties>
[...]
</properties>
  <testcase classname="uax.examen4.Halting_Problem.Controlador.ControladorGenericoTest" name="uax.examen4.Halting_Problem.Controlador.ControladorGenericoTest.testImprimirHora" time="0.002">
    <failure message="Cannot invoke &quot;uax.examen4.Halting_Problem.Controlador.ControladorGenerico.imprimirHora()&quot; because &quot;this.controlador&quot; is null" type="java.lang.NullPointerException">java.lang.NullPointerException: Cannot invoke &quot;uax.examen4.Halting_Problem.Controlador.ControladorGenerico.imprimirHora()&quot; because &quot;this.controlador&quot; is null
	at uax.examen4.Halting_Problem.Controlador.ControladorGenericoTest.testImprimirHora(ControladorGenericoTest.java:43)
</failure>
  </testcase>
  <testcase classname="uax.examen4.Halting_Problem.Controlador.ControladorGenericoTest" name="uax.examen4.Halting_Problem.Controlador.ControladorGenericoTest.testOrdenar" time="0">
    <failure message="Cannot invoke &quot;uax.examen4.Halting_Problem.Controlador.ControladorGenerico.ordenar(java.util.List)&quot; because &quot;this.controlador&quot; is null" type="java.lang.NullPointerException">java.lang.NullPointerException: Cannot invoke &quot;uax.examen4.Halting_Problem.Controlador.ControladorGenerico.ordenar(java.util.List)&quot; because &quot;this.controlador&quot; is null
	at uax.examen4.Halting_Problem.Controlador.ControladorGenericoTest.testOrdenar(ControladorGenericoTest.java:33)
</failure>
  </testcase>
</testsuite>