-------------------------------------------------------------------------------
Test set: uax.examen4.Halting_Problem.Modelo.Maquinas_De_Estado.MaquinaCheck.MaquinaCheckTest
-------------------------------------------------------------------------------
Tests run: 2, Failures: 2, Errors: 0, Skipped: 0, Time elapsed: 0 sec <<< FAILURE!
uax.examen4.Halting_Problem.Modelo.Maquinas_De_Estado.MaquinaCheck.MaquinaCheckTest.testEjecutarSolicitud_MaquinaQueSeDetiene()  Time elapsed: 0 sec  <<< FAILURE!
java.lang.NullPointerException: Cannot invoke "uax.examen4.Halting_Problem.Modelo.MaquinaGenerica.ejecutarSolicitud(uax.examen4.Halting_Problem.Modelo.Solicitud)" because "this.maquina" is null
	at uax.examen4.Halting_Problem.Modelo.Maquinas_De_Estado.MaquinaCheck.MaquinaCheck.ejecutarSolicitud(MaquinaCheck.java:58)
	at uax.examen4.Halting_Problem.Modelo.Maquinas_De_Estado.MaquinaCheck.MaquinaCheckTest.testEjecutarSolicitud_MaquinaQueSeDetiene(MaquinaCheckTest.java:45)

uax.examen4.Halting_Problem.Modelo.Maquinas_De_Estado.MaquinaCheck.MaquinaCheckTest.testEjecutarSolicitud_MaquinaEnBucle()  Time elapsed: 0 sec  <<< FAILURE!
java.lang.NullPointerException: Cannot invoke "uax.examen4.Halting_Problem.Modelo.MaquinaGenerica.ejecutarSolicitud(uax.examen4.Halting_Problem.Modelo.Solicitud)" because "this.maquina" is null
	at uax.examen4.Halting_Problem.Modelo.Maquinas_De_Estado.MaquinaCheck.MaquinaCheck.ejecutarSolicitud(MaquinaCheck.java:58)
	at uax.examen4.Halting_Problem.Modelo.Maquinas_De_Estado.MaquinaCheck.MaquinaCheckTest.testEjecutarSolicitud_MaquinaEnBucle(MaquinaCheckTest.java:58)

